<?xml version="1.0" encoding="UTF-8"?>
<!-- Generated by org.testng.reporters.JUnitXMLReporter -->
<testsuite ignored="0" hostname="SwarupKshatriya" failures="6" tests="6"
	name="Command line test" time="0.423" errors="0"
	timestamp="2024-04-14T10:35:19 EDT">
	<testcase classname="TestCases.TestCasesClass"
		name="TestCase01_Candela_EDI_850_Shipments_Pre_Validation_Report"
		time="0.314">
		<failure type="java.lang.NoSuchMethodError"
			message="&amp;apos;org.apache.xmlbeans.XmlOptions org.apache.xmlbeans.XmlOptions.setUseDefaultNamespace(boolean)&amp;apos;">
      <![CDATA[java.lang.NoSuchMethodError: 'org.apache.xmlbeans.XmlOptions org.apache.xmlbeans.XmlOptions.setUseDefaultNamespace(boolean)'
at org.apache.poi.xssf.model.SharedStringsTable.<clinit>(SharedStringsTable.java:96)
at org.apache.poi.ooxml.POIXMLFactory.createDocumentPart(POIXMLFactory.java:61)
at org.apache.poi.ooxml.POIXMLDocumentPart.read(POIXMLDocumentPart.java:660)
at org.apache.poi.ooxml.POIXMLDocument.load(POIXMLDocument.java:165)
at org.apache.poi.xssf.usermodel.XSSFWorkbook.<init>(XSSFWorkbook.java:278)
at org.apache.poi.xssf.usermodel.XSSFWorkbook.<init>(XSSFWorkbook.java:299)
at ExcelFileRead.ExcelFileReaderClass.readExcelFile(ExcelFileReaderClass.java:51)
at ReportGenerator.ReportingClass.before(ReportingClass.java:75)
at TestCases.TestCasesClass.TestCase01_Candela_EDI_850_Shipments_Pre_Validation_Report(TestCasesClass.java:146)
at java.base/java.util.ArrayList.forEach(ArrayList.java:1511)
at TestCases.TestCasesClass.main(TestCasesClass.java:555)
... Removed 24 stack frames]]>
    </failure>
	</testcase> <!--
	TestCase01_Candela_EDI_850_Shipments_Pre_Validation_Report -->
	<testcase classname="TestCases.TestCasesClass"
		name="TestCase02_Collections_Scoring_and_Strategy_Assignment"
		time="0.02">
		<failure type="java.lang.NoClassDefFoundError"
			message="Could not initialize class org.apache.poi.xssf.model.SharedStringsTable">
      <![CDATA[java.lang.NoClassDefFoundError: Could not initialize class org.apache.poi.xssf.model.SharedStringsTable
at org.apache.poi.ooxml.POIXMLFactory.createDocumentPart(POIXMLFactory.java:61)
at org.apache.poi.ooxml.POIXMLDocumentPart.read(POIXMLDocumentPart.java:660)
at org.apache.poi.ooxml.POIXMLDocument.load(POIXMLDocument.java:165)
at org.apache.poi.xssf.usermodel.XSSFWorkbook.<init>(XSSFWorkbook.java:278)
at org.apache.poi.xssf.usermodel.XSSFWorkbook.<init>(XSSFWorkbook.java:299)
at ExcelFileRead.ExcelFileReaderClass.readExcelFile(ExcelFileReaderClass.java:51)
at ReportGenerator.ReportingClass.before(ReportingClass.java:75)
at TestCases.TestCasesClass.TestCase02_Collections_Scoring_and_Strategy_Assignment(TestCasesClass.java:181)
at java.base/java.util.ArrayList.forEach(ArrayList.java:1511)
at TestCases.TestCasesClass.main(TestCasesClass.java:555)
Caused by: java.lang.ExceptionInInitializerError: Exception java.lang.NoSuchMethodError: 'org.apache.xmlbeans.XmlOptions org.apache.xmlbeans.XmlOptions.setUseDefaultNamespace(boolean)' [in thread "main"]
at org.apache.poi.xssf.model.SharedStringsTable.<clinit>(SharedStringsTable.java:96)
at org.apache.poi.ooxml.POIXMLFactory.createDocumentPart(POIXMLFactory.java:61)
at org.apache.poi.ooxml.POIXMLDocumentPart.read(POIXMLDocumentPart.java:660)
at org.apache.poi.ooxml.POIXMLDocument.load(POIXMLDocument.java:165)
at org.apache.poi.xssf.usermodel.XSSFWorkbook.<init>(XSSFWorkbook.java:278)
at org.apache.poi.xssf.usermodel.XSSFWorkbook.<init>(XSSFWorkbook.java:299)
at ExcelFileRead.ExcelFileReaderClass.readExcelFile(ExcelFileReaderClass.java:51)
at ReportGenerator.ReportingClass.before(ReportingClass.java:75)
at TestCases.TestCasesClass.TestCase01_Candela_EDI_850_Shipments_Pre_Validation_Report(TestCasesClass.java:146)
... 26 more
... Removed 24 stack frames]]>
    </failure>
	</testcase> <!--
	TestCase02_Collections_Scoring_and_Strategy_Assignment -->
	<testcase classname="TestCases.TestCasesClass"
		name="TestCase03_Collections_Delinquency_Management" time="0.016">
		<failure type="java.lang.NoClassDefFoundError"
			message="Could not initialize class org.apache.poi.xssf.model.SharedStringsTable">
      <![CDATA[java.lang.NoClassDefFoundError: Could not initialize class org.apache.poi.xssf.model.SharedStringsTable
at org.apache.poi.ooxml.POIXMLFactory.createDocumentPart(POIXMLFactory.java:61)
at org.apache.poi.ooxml.POIXMLDocumentPart.read(POIXMLDocumentPart.java:660)
at org.apache.poi.ooxml.POIXMLDocument.load(POIXMLDocument.java:165)
at org.apache.poi.xssf.usermodel.XSSFWorkbook.<init>(XSSFWorkbook.java:278)
at org.apache.poi.xssf.usermodel.XSSFWorkbook.<init>(XSSFWorkbook.java:299)
at ExcelFileRead.ExcelFileReaderClass.readExcelFile(ExcelFileReaderClass.java:51)
at ReportGenerator.ReportingClass.before(ReportingClass.java:75)
at TestCases.TestCasesClass.TestCase03_Collections_Delinquency_Management(TestCasesClass.java:218)
at java.base/java.util.ArrayList.forEach(ArrayList.java:1511)
at TestCases.TestCasesClass.main(TestCasesClass.java:555)
Caused by: java.lang.ExceptionInInitializerError: Exception java.lang.NoSuchMethodError: 'org.apache.xmlbeans.XmlOptions org.apache.xmlbeans.XmlOptions.setUseDefaultNamespace(boolean)' [in thread "main"]
at org.apache.poi.xssf.model.SharedStringsTable.<clinit>(SharedStringsTable.java:96)
at org.apache.poi.ooxml.POIXMLFactory.createDocumentPart(POIXMLFactory.java:61)
at org.apache.poi.ooxml.POIXMLDocumentPart.read(POIXMLDocumentPart.java:660)
at org.apache.poi.ooxml.POIXMLDocument.load(POIXMLDocument.java:165)
at org.apache.poi.xssf.usermodel.XSSFWorkbook.<init>(XSSFWorkbook.java:278)
at org.apache.poi.xssf.usermodel.XSSFWorkbook.<init>(XSSFWorkbook.java:299)
at ExcelFileRead.ExcelFileReaderClass.readExcelFile(ExcelFileReaderClass.java:51)
at ReportGenerator.ReportingClass.before(ReportingClass.java:75)
at TestCases.TestCasesClass.TestCase01_Candela_EDI_850_Shipments_Pre_Validation_Report(TestCasesClass.java:146)
... 26 more
... Removed 24 stack frames]]>
    </failure>
	</testcase> <!--
	TestCase03_Collections_Delinquency_Management -->
	<testcase classname="TestCases.TestCasesClass"
		name="TestCase04_Create_Receivables_Accounting" time="0.013">
		<failure type="java.lang.NoClassDefFoundError"
			message="Could not initialize class org.apache.poi.xssf.model.SharedStringsTable">
      <![CDATA[java.lang.NoClassDefFoundError: Could not initialize class org.apache.poi.xssf.model.SharedStringsTable
at org.apache.poi.ooxml.POIXMLFactory.createDocumentPart(POIXMLFactory.java:61)
at org.apache.poi.ooxml.POIXMLDocumentPart.read(POIXMLDocumentPart.java:660)
at org.apache.poi.ooxml.POIXMLDocument.load(POIXMLDocument.java:165)
at org.apache.poi.xssf.usermodel.XSSFWorkbook.<init>(XSSFWorkbook.java:278)
at org.apache.poi.xssf.usermodel.XSSFWorkbook.<init>(XSSFWorkbook.java:299)
at ExcelFileRead.ExcelFileReaderClass.readExcelFile(ExcelFileReaderClass.java:51)
at ReportGenerator.ReportingClass.before(ReportingClass.java:75)
at TestCases.TestCasesClass.TestCase04_Create_Receivables_Accounting(TestCasesClass.java:255)
at java.base/java.util.ArrayList.forEach(ArrayList.java:1511)
at TestCases.TestCasesClass.main(TestCasesClass.java:555)
Caused by: java.lang.ExceptionInInitializerError: Exception java.lang.NoSuchMethodError: 'org.apache.xmlbeans.XmlOptions org.apache.xmlbeans.XmlOptions.setUseDefaultNamespace(boolean)' [in thread "main"]
at org.apache.poi.xssf.model.SharedStringsTable.<clinit>(SharedStringsTable.java:96)
at org.apache.poi.ooxml.POIXMLFactory.createDocumentPart(POIXMLFactory.java:61)
at org.apache.poi.ooxml.POIXMLDocumentPart.read(POIXMLDocumentPart.java:660)
at org.apache.poi.ooxml.POIXMLDocument.load(POIXMLDocument.java:165)
at org.apache.poi.xssf.usermodel.XSSFWorkbook.<init>(XSSFWorkbook.java:278)
at org.apache.poi.xssf.usermodel.XSSFWorkbook.<init>(XSSFWorkbook.java:299)
at ExcelFileRead.ExcelFileReaderClass.readExcelFile(ExcelFileReaderClass.java:51)
at ReportGenerator.ReportingClass.before(ReportingClass.java:75)
at TestCases.TestCasesClass.TestCase01_Candela_EDI_850_Shipments_Pre_Validation_Report(TestCasesClass.java:146)
... 26 more
... Removed 24 stack frames]]>
    </failure>
	</testcase> <!--
	TestCase04_Create_Receivables_Accounting -->
	<testcase classname="TestCases.TestCasesClass"
		name="TestCase06_ProcessIDValidation" time="0.014">
		<failure type="java.lang.NoClassDefFoundError"
			message="Could not initialize class org.apache.poi.xssf.model.SharedStringsTable">
      <![CDATA[java.lang.NoClassDefFoundError: Could not initialize class org.apache.poi.xssf.model.SharedStringsTable
at org.apache.poi.ooxml.POIXMLFactory.createDocumentPart(POIXMLFactory.java:61)
at org.apache.poi.ooxml.POIXMLDocumentPart.read(POIXMLDocumentPart.java:660)
at org.apache.poi.ooxml.POIXMLDocument.load(POIXMLDocument.java:165)
at org.apache.poi.xssf.usermodel.XSSFWorkbook.<init>(XSSFWorkbook.java:278)
at org.apache.poi.xssf.usermodel.XSSFWorkbook.<init>(XSSFWorkbook.java:299)
at ExcelFileRead.ExcelFileReaderClass.readExcelFile(ExcelFileReaderClass.java:51)
at ReportGenerator.ReportingClass.before(ReportingClass.java:75)
at TestCases.TestCasesClass.TestCase06_ProcessIDValidation(TestCasesClass.java:329)
at java.base/java.util.ArrayList.forEach(ArrayList.java:1511)
at TestCases.TestCasesClass.main(TestCasesClass.java:555)
Caused by: java.lang.ExceptionInInitializerError: Exception java.lang.NoSuchMethodError: 'org.apache.xmlbeans.XmlOptions org.apache.xmlbeans.XmlOptions.setUseDefaultNamespace(boolean)' [in thread "main"]
at org.apache.poi.xssf.model.SharedStringsTable.<clinit>(SharedStringsTable.java:96)
at org.apache.poi.ooxml.POIXMLFactory.createDocumentPart(POIXMLFactory.java:61)
at org.apache.poi.ooxml.POIXMLDocumentPart.read(POIXMLDocumentPart.java:660)
at org.apache.poi.ooxml.POIXMLDocument.load(POIXMLDocument.java:165)
at org.apache.poi.xssf.usermodel.XSSFWorkbook.<init>(XSSFWorkbook.java:278)
at org.apache.poi.xssf.usermodel.XSSFWorkbook.<init>(XSSFWorkbook.java:299)
at ExcelFileRead.ExcelFileReaderClass.readExcelFile(ExcelFileReaderClass.java:51)
at ReportGenerator.ReportingClass.before(ReportingClass.java:75)
at TestCases.TestCasesClass.TestCase01_Candela_EDI_850_Shipments_Pre_Validation_Report(TestCasesClass.java:146)
... 26 more
... Removed 24 stack frames]]>
    </failure>
	</testcase> <!--
	TestCase06_ProcessIDValidation -->
	<testcase classname="TestCases.TestCasesClass"
		name="TestCases05_Create_Accounting" time="0.01">
		<failure type="java.lang.NoClassDefFoundError"
			message="Could not initialize class org.apache.poi.xssf.model.SharedStringsTable">
      <![CDATA[java.lang.NoClassDefFoundError: Could not initialize class org.apache.poi.xssf.model.SharedStringsTable
at org.apache.poi.ooxml.POIXMLFactory.createDocumentPart(POIXMLFactory.java:61)
at org.apache.poi.ooxml.POIXMLDocumentPart.read(POIXMLDocumentPart.java:660)
at org.apache.poi.ooxml.POIXMLDocument.load(POIXMLDocument.java:165)
at org.apache.poi.xssf.usermodel.XSSFWorkbook.<init>(XSSFWorkbook.java:278)
at org.apache.poi.xssf.usermodel.XSSFWorkbook.<init>(XSSFWorkbook.java:299)
at ExcelFileRead.ExcelFileReaderClass.readExcelFile(ExcelFileReaderClass.java:51)
at ReportGenerator.ReportingClass.before(ReportingClass.java:75)
at TestCases.TestCasesClass.TestCases05_Create_Accounting(TestCasesClass.java:292)
at java.base/java.util.ArrayList.forEach(ArrayList.java:1511)
at TestCases.TestCasesClass.main(TestCasesClass.java:555)
Caused by: java.lang.ExceptionInInitializerError: Exception java.lang.NoSuchMethodError: 'org.apache.xmlbeans.XmlOptions org.apache.xmlbeans.XmlOptions.setUseDefaultNamespace(boolean)' [in thread "main"]
at org.apache.poi.xssf.model.SharedStringsTable.<clinit>(SharedStringsTable.java:96)
at org.apache.poi.ooxml.POIXMLFactory.createDocumentPart(POIXMLFactory.java:61)
at org.apache.poi.ooxml.POIXMLDocumentPart.read(POIXMLDocumentPart.java:660)
at org.apache.poi.ooxml.POIXMLDocument.load(POIXMLDocument.java:165)
at org.apache.poi.xssf.usermodel.XSSFWorkbook.<init>(XSSFWorkbook.java:278)
at org.apache.poi.xssf.usermodel.XSSFWorkbook.<init>(XSSFWorkbook.java:299)
at ExcelFileRead.ExcelFileReaderClass.readExcelFile(ExcelFileReaderClass.java:51)
at ReportGenerator.ReportingClass.before(ReportingClass.java:75)
at TestCases.TestCasesClass.TestCase01_Candela_EDI_850_Shipments_Pre_Validation_Report(TestCasesClass.java:146)
... 26 more
... Removed 24 stack frames]]>
    </failure>
	</testcase> <!--
	TestCases05_Create_Accounting -->
</testsuite> <!--
Command line test -->
